  ADDR B1 B2 B3 B4 E:\Universidad\Arquitectura de Computadoras\     PAGE       1

                   * Ejercicio simple de suma de dos valores de cualquier tamao
                   * Los dos valores se encuentran en memoria

                   iter EQU   6

                        ORG   $0000
                   var1 RMB   iter
                   var2 RMB   iter
                   res  RMB   iter+1
                                   ; en C seria #define iter 4
                           ORG     $c000
  C000 C6 06               LDAB    #iter
  C002 7F 00 0C            CLR     res     *tambien limpia el carry

  C005 CE 00 05            LDX     #iter-1 *Carga el indice de reg X
                   loop
  C008 A6 00               LDAA    0,x
  C00A A9 06               ADCA    iter,x
  C00C A7 0D               STAA    (iter*2+1),x
  C00E 09                  DEX             ; esto hace ix--, le resta 1 al
.                  indice
  C00F 5A                  DECB            ; decrementa B
  C010 26 F6               BNE     loop    ;va a saltar mientras no sea 0


                   * el finalmente si hay carry lo guardo en el byte mas signif.
  C012 24 03               BCC     FIN
  C014 7C 00 0C            INC     res

  C017 20 FE       FIN     BRA     FIN     *while(1)

                   *  esto no esta bien porque se trata de vector de constantes
                   * en RWM lo que CONCEPTUALMENTE esta mal
                   * pero el simulador lo admite, asi que aprovechamos para
.                  ganar tiempo
                           ORG     $0000
  0000 FF FF FF FF         FDB     $FFFF,$FFFF,$FFFF,$0000,$0000,$0001
. 0004 FF FF 00 00
. 0008 00 00 00 01
                   * si pongo codigo aca potencialmente generamos errores y
.                  asquerosos

  Symbol Table 

  RES                000C
  FIN                C017
  LOOP               C008
  ITER               0006
  VAR1               0000
  VAR2               0006
