  ADDR B1 B2 B3 B4 E:\Universidad\Arquitectura de Computadoras\     PAGE       1

                   * Ejercicio del TP 3 (B.02)

  C000 4F          INICIO  CLRA
  C001 D6 F5               LDAB $F5
  C003 9B F7       Otro    ADDA $F7
  C005 5A                  DECB    *Decrementa el acumulador B en 1
  C006 26 FB               BNE  otro *pregunta si el resultado es dio 0
  C008 97 F8               STAA $F8
  C00A 20 FE       FIN     BRA  FIN

                   *El programa carga los datos 00F5=08 y 00F7=12 en el inicio,
.                  y una vez
                   *Cargados en memeria a B lo va a ir decrementando hasta que
.                  se cumpla BNE
                   *Al mismi tiemo que a f7 se le va a ir sumando 12 cada vez
.                  que vuelva hacia
                   *Atras el programa

  Symbol Table 

  OTRO               C003
  FIN                C00A
  INICIO             C000
